<?xml version="1.0" encoding="UTF-8"?>
<testng-results ignored="0" total="10" passed="9" failed="1" skipped="0">
  <reporter-output>
  </reporter-output>
  <suite started-at="2024-08-25T20:27:59 IST" name="MasterSuite" finished-at="2024-08-25T20:30:57 IST" duration-ms="178211">
    <groups>
      <group name="Master">
        <method signature="TC1_Register.VerifyRegister()[pri:0, instance:TestCases.TC1_Register@1eba372c]" name="VerifyRegister" class="TestCases.TC1_Register"/>
        <method signature="TC2_Login.verify_Login()[pri:0, instance:TestCases.TC2_Login@552518c3]" name="verify_Login" class="TestCases.TC2_Login"/>
      </group> <!-- Master -->
      <group name="Sanity">
        <method signature="TC2_Login.verify_Login()[pri:0, instance:TestCases.TC2_Login@552518c3]" name="verify_Login" class="TestCases.TC2_Login"/>
      </group> <!-- Sanity -->
      <group name="Regression">
        <method signature="TC1_Register.VerifyRegister()[pri:0, instance:TestCases.TC1_Register@1eba372c]" name="VerifyRegister" class="TestCases.TC1_Register"/>
      </group> <!-- Regression -->
      <group name="Datadriven">
        <method signature="TC3_loginDDT.verify_login_DDT(java.lang.String,java.lang.String,java.lang.String)[pri:0, instance:TestCases.TC3_loginDDT@1a69561c]" name="verify_login_DDT" class="TestCases.TC3_loginDDT"/>
      </group> <!-- Datadriven -->
    </groups>
    <test started-at="2024-08-25T20:27:59 IST" name="chromeTest" finished-at="2024-08-25T20:30:57 IST" duration-ms="178211">
      <class name="TestCases.TC4_Checkin_Page">
        <test-method is-config="true" signature="setup(java.lang.String,java.lang.String)[pri:0, instance:TestCases.TC4_Checkin_Page@59aa20b3]" started-at="2024-08-25T20:30:02 IST" name="setup" finished-at="2024-08-25T20:30:15 IST" duration-ms="12923" status="PASS">
          <params>
            <param index="0">
              <value>
                <![CDATA[windows]]>
              </value>
            </param>
            <param index="1">
              <value>
                <![CDATA[chrome]]>
              </value>
            </param>
          </params>
          <reporter-output>
          </reporter-output>
        </test-method> <!-- setup -->
        <test-method signature="orderProduct()[pri:0, instance:TestCases.TC4_Checkin_Page@59aa20b3]" started-at="2024-08-25T20:30:15 IST" name="orderProduct" finished-at="2024-08-25T20:30:36 IST" duration-ms="21063" status="PASS">
          <reporter-output>
          </reporter-output>
        </test-method> <!-- orderProduct -->
        <test-method is-config="true" signature="tearDown()[pri:0, instance:TestCases.TC4_Checkin_Page@59aa20b3]" started-at="2024-08-25T20:30:36 IST" name="tearDown" finished-at="2024-08-25T20:30:36 IST" duration-ms="545" status="PASS">
          <reporter-output>
          </reporter-output>
        </test-method> <!-- tearDown -->
      </class> <!-- TestCases.TC4_Checkin_Page -->
      <class name="TestCases.TC5_OrderHistory">
        <test-method is-config="true" signature="setup(java.lang.String,java.lang.String)[pri:0, instance:TestCases.TC5_OrderHistory@363f6148]" started-at="2024-08-25T20:30:36 IST" name="setup" finished-at="2024-08-25T20:30:50 IST" duration-ms="13910" status="PASS">
          <params>
            <param index="0">
              <value>
                <![CDATA[windows]]>
              </value>
            </param>
            <param index="1">
              <value>
                <![CDATA[chrome]]>
              </value>
            </param>
          </params>
          <reporter-output>
          </reporter-output>
        </test-method> <!-- setup -->
        <test-method signature="verifyOrderHistory()[pri:0, instance:TestCases.TC5_OrderHistory@363f6148]" started-at="2024-08-25T20:30:50 IST" name="verifyOrderHistory" finished-at="2024-08-25T20:30:56 IST" duration-ms="6130" status="PASS">
          <reporter-output>
          </reporter-output>
        </test-method> <!-- verifyOrderHistory -->
        <test-method is-config="true" signature="tearDown()[pri:0, instance:TestCases.TC5_OrderHistory@363f6148]" started-at="2024-08-25T20:30:57 IST" name="tearDown" finished-at="2024-08-25T20:30:57 IST" duration-ms="455" status="PASS">
          <reporter-output>
          </reporter-output>
        </test-method> <!-- tearDown -->
      </class> <!-- TestCases.TC5_OrderHistory -->
      <class name="TestCases.TC1_Register">
        <test-method is-config="true" signature="setup(java.lang.String,java.lang.String)[pri:0, instance:TestCases.TC1_Register@1eba372c]" started-at="2024-08-25T20:27:59 IST" name="setup" finished-at="2024-08-25T20:28:13 IST" duration-ms="13841" status="PASS">
          <params>
            <param index="0">
              <value>
                <![CDATA[windows]]>
              </value>
            </param>
            <param index="1">
              <value>
                <![CDATA[chrome]]>
              </value>
            </param>
          </params>
          <reporter-output>
          </reporter-output>
        </test-method> <!-- setup -->
        <test-method signature="VerifyRegister()[pri:0, instance:TestCases.TC1_Register@1eba372c]" started-at="2024-08-25T20:28:13 IST" name="VerifyRegister" finished-at="2024-08-25T20:28:20 IST" duration-ms="6709" status="PASS">
          <reporter-output>
          </reporter-output>
        </test-method> <!-- VerifyRegister -->
        <test-method is-config="true" signature="tearDown()[pri:0, instance:TestCases.TC1_Register@1eba372c]" started-at="2024-08-25T20:28:20 IST" name="tearDown" finished-at="2024-08-25T20:28:20 IST" duration-ms="479" status="PASS">
          <reporter-output>
          </reporter-output>
        </test-method> <!-- tearDown -->
      </class> <!-- TestCases.TC1_Register -->
      <class name="TestCases.TC3_loginDDT">
        <test-method is-config="true" signature="setup(java.lang.String,java.lang.String)[pri:0, instance:TestCases.TC3_loginDDT@1a69561c]" started-at="2024-08-25T20:28:35 IST" name="setup" finished-at="2024-08-25T20:28:45 IST" duration-ms="9949" status="PASS">
          <params>
            <param index="0">
              <value>
                <![CDATA[windows]]>
              </value>
            </param>
            <param index="1">
              <value>
                <![CDATA[chrome]]>
              </value>
            </param>
          </params>
          <reporter-output>
          </reporter-output>
        </test-method> <!-- setup -->
        <test-method signature="verify_login_DDT(java.lang.String,java.lang.String,java.lang.String)[pri:0, instance:TestCases.TC3_loginDDT@1a69561c]" started-at="2024-08-25T20:28:48 IST" name="verify_login_DDT" data-provider="LoginData" finished-at="2024-08-25T20:28:55 IST" duration-ms="7343" status="PASS">
          <params>
            <param index="0">
              <value>
                <![CDATA[rahulmadvirat789@gmail.com]]>
              </value>
            </param>
            <param index="1">
              <value>
                <![CDATA[rahul@123]]>
              </value>
            </param>
            <param index="2">
              <value>
                <![CDATA[valid]]>
              </value>
            </param>
          </params>
          <reporter-output>
          </reporter-output>
        </test-method> <!-- verify_login_DDT -->
        <test-method signature="verify_login_DDT(java.lang.String,java.lang.String,java.lang.String)[pri:0, instance:TestCases.TC3_loginDDT@1a69561c]" started-at="2024-08-25T20:28:55 IST" name="verify_login_DDT" data-provider="LoginData" finished-at="2024-08-25T20:29:02 IST" duration-ms="6377" status="PASS">
          <params>
            <param index="0">
              <value>
                <![CDATA[shashi123@gmail.com]]>
              </value>
            </param>
            <param index="1">
              <value>
                <![CDATA[shashi@123]]>
              </value>
            </param>
            <param index="2">
              <value>
                <![CDATA[valid]]>
              </value>
            </param>
          </params>
          <reporter-output>
          </reporter-output>
        </test-method> <!-- verify_login_DDT -->
        <test-method signature="verify_login_DDT(java.lang.String,java.lang.String,java.lang.String)[pri:0, instance:TestCases.TC3_loginDDT@1a69561c]" started-at="2024-08-25T20:29:02 IST" name="verify_login_DDT" data-provider="LoginData" finished-at="2024-08-25T20:29:14 IST" duration-ms="12705" status="PASS">
          <params>
            <param index="0">
              <value>
                <![CDATA[vara124@gmail.com]]>
              </value>
            </param>
            <param index="1">
              <value>
                <![CDATA[vara@123]]>
              </value>
            </param>
            <param index="2">
              <value>
                <![CDATA[invalid]]>
              </value>
            </param>
          </params>
          <reporter-output>
          </reporter-output>
        </test-method> <!-- verify_login_DDT -->
        <test-method signature="verify_login_DDT(java.lang.String,java.lang.String,java.lang.String)[pri:0, instance:TestCases.TC3_loginDDT@1a69561c]" started-at="2024-08-25T20:29:14 IST" name="verify_login_DDT" data-provider="LoginData" finished-at="2024-08-25T20:29:26 IST" duration-ms="11933" status="PASS">
          <params>
            <param index="0">
              <value>
                <![CDATA[sai12345@gmail.com]]>
              </value>
            </param>
            <param index="1">
              <value>
                <![CDATA[sai@123]]>
              </value>
            </param>
            <param index="2">
              <value>
                <![CDATA[invalid]]>
              </value>
            </param>
          </params>
          <reporter-output>
          </reporter-output>
        </test-method> <!-- verify_login_DDT -->
        <test-method signature="verify_login_DDT(java.lang.String,java.lang.String,java.lang.String)[pri:0, instance:TestCases.TC3_loginDDT@1a69561c]" started-at="2024-08-25T20:29:26 IST" name="verify_login_DDT" data-provider="LoginData" finished-at="2024-08-25T20:29:47 IST" duration-ms="20221" status="PASS">
          <params>
            <param index="0">
              <value>
                <![CDATA[nithin@gmail.com]]>
              </value>
            </param>
            <param index="1">
              <value>
                <![CDATA[nithin@123]]>
              </value>
            </param>
            <param index="2">
              <value>
                <![CDATA[invalid]]>
              </value>
            </param>
          </params>
          <reporter-output>
          </reporter-output>
        </test-method> <!-- verify_login_DDT -->
        <test-method signature="verify_login_DDT(java.lang.String,java.lang.String,java.lang.String)[pri:0, instance:TestCases.TC3_loginDDT@1a69561c]" started-at="2024-08-25T20:29:47 IST" name="verify_login_DDT" data-provider="LoginData" finished-at="2024-08-25T20:30:01 IST" duration-ms="14645" status="FAIL">
          <params>
            <param index="0">
              <value>
                <![CDATA[maruthi2@gmail.com]]>
              </value>
            </param>
            <param index="1">
              <value>
                <![CDATA[maruthi@123]]>
              </value>
            </param>
            <param index="2">
              <value>
                <![CDATA[valid]]>
              </value>
            </param>
          </params>
          <exception class="java.lang.AssertionError">
            <message>
              <![CDATA[expected [true] but found [false]]]>
            </message>
            <full-stacktrace>
              <![CDATA[java.lang.AssertionError: expected [true] but found [false]
at org.testng.Assert.fail(Assert.java:111)
at org.testng.Assert.failNotEquals(Assert.java:1578)
at org.testng.Assert.assertTrue(Assert.java:57)
at org.testng.Assert.assertTrue(Assert.java:67)
at TestCases.TC3_loginDDT.verify_login_DDT(TC3_loginDDT.java:47)
at java.base/jdk.internal.reflect.DirectMethodHandleAccessor.invoke(DirectMethodHandleAccessor.java:104)
at java.base/java.lang.reflect.Method.invoke(Method.java:578)
at org.testng.internal.invokers.MethodInvocationHelper.invokeMethod(MethodInvocationHelper.java:141)
at org.testng.internal.invokers.TestInvoker.invokeMethod(TestInvoker.java:686)
at org.testng.internal.invokers.TestInvoker.invokeTestMethod(TestInvoker.java:230)
at org.testng.internal.invokers.MethodRunner.runInSequence(MethodRunner.java:63)
at org.testng.internal.invokers.TestInvoker$MethodInvocationAgent.invoke(TestInvoker.java:992)
at org.testng.internal.invokers.TestInvoker.invokeTestMethods(TestInvoker.java:203)
at org.testng.internal.invokers.TestMethodWorker.invokeTestMethods(TestMethodWorker.java:154)
at org.testng.internal.invokers.TestMethodWorker.run(TestMethodWorker.java:134)
at java.base/java.util.ArrayList.forEach(ArrayList.java:1511)
at org.testng.TestRunner.privateRun(TestRunner.java:739)
at org.testng.TestRunner.run(TestRunner.java:614)
at org.testng.SuiteRunner.runTest(SuiteRunner.java:421)
at org.testng.SuiteRunner$SuiteWorker.run(SuiteRunner.java:463)
at org.testng.internal.thread.ThreadUtil.lambda$execute$0(ThreadUtil.java:64)
at java.base/java.util.concurrent.FutureTask.run(FutureTask.java:317)
at java.base/java.util.concurrent.ThreadPoolExecutor.runWorker(ThreadPoolExecutor.java:1144)
at java.base/java.util.concurrent.ThreadPoolExecutor$Worker.run(ThreadPoolExecutor.java:642)
at java.base/java.lang.Thread.run(Thread.java:1623)
]]>
            </full-stacktrace>
          </exception> <!-- java.lang.AssertionError -->
          <reporter-output>
          </reporter-output>
        </test-method> <!-- verify_login_DDT -->
        <test-method is-config="true" signature="tearDown()[pri:0, instance:TestCases.TC3_loginDDT@1a69561c]" started-at="2024-08-25T20:30:01 IST" name="tearDown" finished-at="2024-08-25T20:30:02 IST" duration-ms="500" status="PASS">
          <reporter-output>
          </reporter-output>
        </test-method> <!-- tearDown -->
      </class> <!-- TestCases.TC3_loginDDT -->
      <class name="TestCases.TC2_Login">
        <test-method is-config="true" signature="setup(java.lang.String,java.lang.String)[pri:0, instance:TestCases.TC2_Login@552518c3]" started-at="2024-08-25T20:28:20 IST" name="setup" finished-at="2024-08-25T20:28:32 IST" duration-ms="11243" status="PASS">
          <params>
            <param index="0">
              <value>
                <![CDATA[windows]]>
              </value>
            </param>
            <param index="1">
              <value>
                <![CDATA[chrome]]>
              </value>
            </param>
          </params>
          <reporter-output>
          </reporter-output>
        </test-method> <!-- setup -->
        <test-method signature="verify_Login()[pri:0, instance:TestCases.TC2_Login@552518c3]" started-at="2024-08-25T20:28:32 IST" name="verify_Login" finished-at="2024-08-25T20:28:35 IST" duration-ms="3135" status="PASS">
          <reporter-output>
          </reporter-output>
        </test-method> <!-- verify_Login -->
        <test-method is-config="true" signature="tearDown()[pri:0, instance:TestCases.TC2_Login@552518c3]" started-at="2024-08-25T20:28:35 IST" name="tearDown" finished-at="2024-08-25T20:28:35 IST" duration-ms="392" status="PASS">
          <reporter-output>
          </reporter-output>
        </test-method> <!-- tearDown -->
      </class> <!-- TestCases.TC2_Login -->
    </test> <!-- chromeTest -->
  </suite> <!-- MasterSuite -->
</testng-results>
